<?xml version="1.0" encoding="utf-8"?>
<TestRun id="751ae7b2-608b-481c-8e73-3b35649ebf58" name="jkakadia@WLH48Z0UEKZDBZV 2025-07-24 12:24:22" runUser="HCHBCORP\jkakadia" xmlns="http://microsoft.com/schemas/VisualStudio/TeamTest/2010">
  <Times creation="2025-07-24T12:24:22.3550998-05:00" queuing="2025-07-24T12:24:22.3551002-05:00" start="2025-07-24T12:23:56.3001159-05:00" finish="2025-07-24T12:26:16.9477038-05:00" />
  <TestSettings name="default" id="129324cf-63ff-49d5-8bcc-99e7ea3065f7">
    <Deployment runDeploymentRoot="jkakadia_WLH48Z0UEKZDBZV_2025-07-24_12_24_22" />
  </TestSettings>
  <Results>
    <UnitTestResult executionId="8e957d65-a24e-498b-8cf2-c8b64ac99530" testId="968b6c5f-a488-329d-b48c-ccdc80659730" testName="PlaywrightTests.AllPagesE2ETest.Page_Should_Load_And_Display_Key_Element(route: &quot;/wound/inactivate&quot;, keyTextOrClass: &quot;dialog-container&quot;)" computerName="WLH48Z0UEKZDBZV" duration="00:00:04.2426532" startTime="2025-07-24T12:26:07.4656832-05:00" endTime="2025-07-24T12:26:07.4656835-05:00" testType="13cdc9d9-ddb5-4fa4-a97d-d965ccfc6d4b" outcome="Passed" testListId="8c84fa94-04c1-424b-9868-57a2d4851a1d" relativeResultsDirectory="8e957d65-a24e-498b-8cf2-c8b64ac99530" />
    <UnitTestResult executionId="6994622e-1ae4-4dfc-8729-9d91838b27ab" testId="422133b2-6083-79eb-ac06-3ce49a867937" testName="PlaywrightTests.BasicE2ETest.HomePage_Should_Have_Title" computerName="WLH48Z0UEKZDBZV" duration="00:00:26.4467264" startTime="2025-07-24T12:24:23.4068268-05:00" endTime="2025-07-24T12:24:23.4068271-05:00" testType="13cdc9d9-ddb5-4fa4-a97d-d965ccfc6d4b" outcome="Passed" testListId="8c84fa94-04c1-424b-9868-57a2d4851a1d" relativeResultsDirectory="6994622e-1ae4-4dfc-8729-9d91838b27ab" />
    <UnitTestResult executionId="a1c1ffe2-48f7-4f9f-acf6-88253f4b585a" testId="ab21cfeb-7af7-b150-ce60-f2d62ead2900" testName="PlaywrightTests.AllPagesE2ETest.Page_Should_Load_And_Display_Key_Element(route: &quot;/wound/view-list&quot;, keyTextOrClass: &quot;form-header&quot;)" computerName="WLH48Z0UEKZDBZV" duration="00:00:05.3954632" startTime="2025-07-24T12:25:57.9190295-05:00" endTime="2025-07-24T12:25:57.9190298-05:00" testType="13cdc9d9-ddb5-4fa4-a97d-d965ccfc6d4b" outcome="Passed" testListId="8c84fa94-04c1-424b-9868-57a2d4851a1d" relativeResultsDirectory="a1c1ffe2-48f7-4f9f-acf6-88253f4b585a" />
    <UnitTestResult executionId="0a3c0d05-879e-4111-bd27-a4912591c21b" testId="ddfb976a-a27f-1c25-6870-3d7b3ad4b884" testName="PlaywrightTests.AllPagesE2ETest.Page_Should_Load_And_Display_Key_Element(route: &quot;/workers/add-edit-1&quot;, keyTextOrClass: &quot;Add/Edit Worker&quot;)" computerName="WLH48Z0UEKZDBZV" duration="00:00:04.3464824" startTime="2025-07-24T12:25:18.4433216-05:00" endTime="2025-07-24T12:25:18.4433226-05:00" testType="13cdc9d9-ddb5-4fa4-a97d-d965ccfc6d4b" outcome="Passed" testListId="8c84fa94-04c1-424b-9868-57a2d4851a1d" relativeResultsDirectory="0a3c0d05-879e-4111-bd27-a4912591c21b" />
    <UnitTestResult executionId="788751ba-674d-445c-9977-b576d44e5b08" testId="8ad0d637-cf52-ef85-d0f7-2c18c6e42c38" testName="PlaywrightTests.AllPagesE2ETest.Page_Should_Load_And_Display_Key_Element(route: &quot;/wound/correct-location-type&quot;, keyTextOrClass: &quot;dialog-container&quot;)" computerName="WLH48Z0UEKZDBZV" duration="00:00:04.8309939" startTime="2025-07-24T12:24:52.3841413-05:00" endTime="2025-07-24T12:24:52.3841417-05:00" testType="13cdc9d9-ddb5-4fa4-a97d-d965ccfc6d4b" outcome="Passed" testListId="8c84fa94-04c1-424b-9868-57a2d4851a1d" relativeResultsDirectory="788751ba-674d-445c-9977-b576d44e5b08" />
    <UnitTestResult executionId="4c520623-b3cc-4941-b5ae-ab22e11be815" testId="a5d2fedf-8435-066c-18d7-06b50b7975f0" testName="PlaywrightTests.AllPagesE2ETest.Page_Should_Load_And_Display_Key_Element(route: &quot;/graphql-demo&quot;, keyTextOrClass: &quot;GraphQL Demo&quot;)" computerName="WLH48Z0UEKZDBZV" duration="00:00:04.7878252" startTime="2025-07-24T12:24:47.5526986-05:00" endTime="2025-07-24T12:24:47.5526989-05:00" testType="13cdc9d9-ddb5-4fa4-a97d-d965ccfc6d4b" outcome="Passed" testListId="8c84fa94-04c1-424b-9868-57a2d4851a1d" relativeResultsDirectory="4c520623-b3cc-4941-b5ae-ab22e11be815" />
    <UnitTestResult executionId="9799422d-47c8-4666-b98a-295e5dff946d" testId="1f9401fc-a3ed-2791-856f-7bb57e9b6e22" testName="PlaywrightTests.AllPagesE2ETest.Page_Should_Load_And_Display_Key_Element(route: &quot;/billing-management&quot;, keyTextOrClass: &quot;Billing Management&quot;)" computerName="WLH48Z0UEKZDBZV" duration="00:00:05.0338663" startTime="2025-07-24T12:26:16.8982907-05:00" endTime="2025-07-24T12:26:16.8982912-05:00" testType="13cdc9d9-ddb5-4fa4-a97d-d965ccfc6d4b" outcome="Passed" testListId="8c84fa94-04c1-424b-9868-57a2d4851a1d" relativeResultsDirectory="9799422d-47c8-4666-b98a-295e5dff946d" />
    <UnitTestResult executionId="81dae5b7-f141-49e2-ab9a-42be5510cbd6" testId="9f907180-c91d-4768-9d62-15c877e75095" testName="PlaywrightTests.AllPagesE2ETest.Page_Should_Load_And_Display_Key_Element(route: &quot;/wound/compare-images&quot;, keyTextOrClass: &quot;form-header&quot;)" computerName="WLH48Z0UEKZDBZV" duration="00:00:05.0709440" startTime="2025-07-24T12:25:47.6447494-05:00" endTime="2025-07-24T12:25:47.6447496-05:00" testType="13cdc9d9-ddb5-4fa4-a97d-d965ccfc6d4b" outcome="Passed" testListId="8c84fa94-04c1-424b-9868-57a2d4851a1d" relativeResultsDirectory="81dae5b7-f141-49e2-ab9a-42be5510cbd6" />
    <UnitTestResult executionId="a295d438-8493-4407-83fe-da1af9b3638c" testId="0b0af52b-6801-9dc7-ecd8-cbf9b9500325" testName="PlaywrightTests.AllPagesE2ETest.Page_Should_Load_And_Display_Key_Element(route: &quot;/clinical-input-search&quot;, keyTextOrClass: &quot;Search&quot;)" computerName="WLH48Z0UEKZDBZV" duration="00:00:25.3682115" startTime="2025-07-24T12:24:22.3312481-05:00" endTime="2025-07-24T12:24:22.3312584-05:00" testType="13cdc9d9-ddb5-4fa4-a97d-d965ccfc6d4b" outcome="Passed" testListId="8c84fa94-04c1-424b-9868-57a2d4851a1d" relativeResultsDirectory="a295d438-8493-4407-83fe-da1af9b3638c" />
    <UnitTestResult executionId="267ada61-cf31-4368-b43c-c4f7f2059fee" testId="641a3f9c-6ce8-1d34-2a78-63f4bf95f284" testName="PlaywrightTests.AllPagesE2ETest.Page_Should_Load_And_Display_Key_Element(route: &quot;/about&quot;, keyTextOrClass: &quot;About&quot;)" computerName="WLH48Z0UEKZDBZV" duration="00:00:04.3979232" startTime="2025-07-24T12:26:11.8640158-05:00" endTime="2025-07-24T12:26:11.8640170-05:00" testType="13cdc9d9-ddb5-4fa4-a97d-d965ccfc6d4b" outcome="Passed" testListId="8c84fa94-04c1-424b-9868-57a2d4851a1d" relativeResultsDirectory="267ada61-cf31-4368-b43c-c4f7f2059fee" />
    <UnitTestResult executionId="c831d785-2f7a-45be-afd8-e72eeffe87d3" testId="523059fd-ca79-1dfa-ed1b-2fb2ab9c200b" testName="PlaywrightTests.AllPagesE2ETest.Page_Should_Load_And_Display_Key_Element(route: &quot;/wound/add-simple&quot;, keyTextOrClass: &quot;form-header&quot;)" computerName="WLH48Z0UEKZDBZV" duration="00:00:04.8780575" startTime="2025-07-24T12:25:52.5232312-05:00" endTime="2025-07-24T12:25:52.5232315-05:00" testType="13cdc9d9-ddb5-4fa4-a97d-d965ccfc6d4b" outcome="Passed" testListId="8c84fa94-04c1-424b-9868-57a2d4851a1d" relativeResultsDirectory="c831d785-2f7a-45be-afd8-e72eeffe87d3" />
    <UnitTestResult executionId="7b9d59ac-8a67-4b00-a45a-ce67dcee3a13" testId="4e068c6d-01ac-9f19-6652-789c4fada832" testName="PlaywrightTests.AllPagesE2ETest.Page_Should_Load_And_Display_Key_Element(route: &quot;/wound/record&quot;, keyTextOrClass: &quot;app-header&quot;)" computerName="WLH48Z0UEKZDBZV" duration="00:00:05.3441004" startTime="2025-07-24T12:25:23.7878945-05:00" endTime="2025-07-24T12:25:23.7878948-05:00" testType="13cdc9d9-ddb5-4fa4-a97d-d965ccfc6d4b" outcome="Passed" testListId="8c84fa94-04c1-424b-9868-57a2d4851a1d" relativeResultsDirectory="7b9d59ac-8a67-4b00-a45a-ce67dcee3a13" />
    <UnitTestResult executionId="11aeee6b-bf75-4bf3-b4d8-57ab0bb6f974" testId="bf4ca710-8cf7-4847-6a86-5ef2fba30bb8" testName="PlaywrightTests.AboutPageE2ETest.AboutPage_Should_Display_Version_Info" computerName="WLH48Z0UEKZDBZV" duration="00:00:08.2569910" startTime="2025-07-24T12:24:57.8642693-05:00" endTime="2025-07-24T12:24:57.8642697-05:00" testType="13cdc9d9-ddb5-4fa4-a97d-d965ccfc6d4b" outcome="Passed" testListId="8c84fa94-04c1-424b-9868-57a2d4851a1d" relativeResultsDirectory="11aeee6b-bf75-4bf3-b4d8-57ab0bb6f974" />
    <UnitTestResult executionId="8c7d0916-3cd4-4e18-9512-3e540dc85971" testId="756570fe-c450-0169-5f70-4636dfc557af" testName="PlaywrightTests.AllPagesE2ETest.Page_Should_Load_And_Display_Key_Element(route: &quot;/referral-form&quot;, keyTextOrClass: &quot;Patient Intake - Referral Form&quot;)" computerName="WLH48Z0UEKZDBZV" duration="00:00:04.9342742" startTime="2025-07-24T12:24:27.2708656-05:00" endTime="2025-07-24T12:24:27.2708658-05:00" testType="13cdc9d9-ddb5-4fa4-a97d-d965ccfc6d4b" outcome="Failed" testListId="8c84fa94-04c1-424b-9868-57a2d4851a1d" relativeResultsDirectory="8c7d0916-3cd4-4e18-9512-3e540dc85971">
      <Output>
        <ErrorInfo>
          <Message>Key element 'Patient Intake - Referral Form' not found on page /referral-form</Message>
          <StackTrace>   at PlaywrightTests.AllPagesE2ETest.Page_Should_Load_And_Display_Key_Element(String route, String keyTextOrClass) in C:\HackDay2\hack_leftovers\PlaywrightTests\AllPagesE2ETest.cs:line 104&#xD;
   at PlaywrightTests.AllPagesE2ETest.Page_Should_Load_And_Display_Key_Element(String route, String keyTextOrClass) in C:\HackDay2\hack_leftovers\PlaywrightTests\AllPagesE2ETest.cs:line 104&#xD;
--- End of stack trace from previous location ---</StackTrace>
        </ErrorInfo>
      </Output>
    </UnitTestResult>
    <UnitTestResult executionId="d9109de4-1320-4c50-b566-d0fc93762f06" testId="7cd1b2bb-d802-e8d1-979f-7a2989140f19" testName="PlaywrightTests.AllPagesE2ETest.Page_Should_Load_And_Display_Key_Element(route: &quot;/&quot;, keyTextOrClass: &quot;Welcome to BackOffice.Blazor&quot;)" computerName="WLH48Z0UEKZDBZV" duration="00:00:07.9678381" startTime="2025-07-24T12:25:08.2644097-05:00" endTime="2025-07-24T12:25:08.2644100-05:00" testType="13cdc9d9-ddb5-4fa4-a97d-d965ccfc6d4b" outcome="Passed" testListId="8c84fa94-04c1-424b-9868-57a2d4851a1d" relativeResultsDirectory="d9109de4-1320-4c50-b566-d0fc93762f06" />
    <UnitTestResult executionId="24115599-c1b7-4360-80da-de3642eca76e" testId="91b645f4-c27b-b9f6-bcd8-cc2539a131c1" testName="PlaywrightTests.AllPagesE2ETest.Page_Should_Load_And_Display_Key_Element(route: &quot;/mainform-full&quot;, keyTextOrClass: &quot;HCHB BackOffice - Main Dashboard&quot;)" computerName="WLH48Z0UEKZDBZV" duration="00:00:05.8314250" startTime="2025-07-24T12:25:14.0973767-05:00" endTime="2025-07-24T12:25:14.0973770-05:00" testType="13cdc9d9-ddb5-4fa4-a97d-d965ccfc6d4b" outcome="Failed" testListId="8c84fa94-04c1-424b-9868-57a2d4851a1d" relativeResultsDirectory="24115599-c1b7-4360-80da-de3642eca76e">
      <Output>
        <ErrorInfo>
          <Message>Key element 'HCHB BackOffice - Main Dashboard' not found on page /mainform-full</Message>
          <StackTrace>   at PlaywrightTests.AllPagesE2ETest.Page_Should_Load_And_Display_Key_Element(String route, String keyTextOrClass) in C:\HackDay2\hack_leftovers\PlaywrightTests\AllPagesE2ETest.cs:line 104&#xD;
   at PlaywrightTests.AllPagesE2ETest.Page_Should_Load_And_Display_Key_Element(String route, String keyTextOrClass) in C:\HackDay2\hack_leftovers\PlaywrightTests\AllPagesE2ETest.cs:line 104&#xD;
--- End of stack trace from previous location ---</StackTrace>
        </ErrorInfo>
      </Output>
    </UnitTestResult>
    <UnitTestResult executionId="fe679f89-cfd6-4f8e-89c0-24942a6ff184" testId="9896d945-e67b-f385-b9a2-c98048985d66" testName="PlaywrightTests.AllPagesE2ETest.Page_Should_Load_And_Display_Key_Element(route: &quot;/client-referral&quot;, keyTextOrClass: &quot;Client Referral Form&quot;)" computerName="WLH48Z0UEKZDBZV" duration="00:00:07.9114337" startTime="2025-07-24T12:25:00.2966253-05:00" endTime="2025-07-24T12:25:00.2966255-05:00" testType="13cdc9d9-ddb5-4fa4-a97d-d965ccfc6d4b" outcome="Failed" testListId="8c84fa94-04c1-424b-9868-57a2d4851a1d" relativeResultsDirectory="fe679f89-cfd6-4f8e-89c0-24942a6ff184">
      <Output>
        <ErrorInfo>
          <Message>Key element 'Client Referral Form' not found on page /client-referral</Message>
          <StackTrace>   at PlaywrightTests.AllPagesE2ETest.Page_Should_Load_And_Display_Key_Element(String route, String keyTextOrClass) in C:\HackDay2\hack_leftovers\PlaywrightTests\AllPagesE2ETest.cs:line 104&#xD;
   at PlaywrightTests.AllPagesE2ETest.Page_Should_Load_And_Display_Key_Element(String route, String keyTextOrClass) in C:\HackDay2\hack_leftovers\PlaywrightTests\AllPagesE2ETest.cs:line 104&#xD;
--- End of stack trace from previous location ---</StackTrace>
        </ErrorInfo>
      </Output>
    </UnitTestResult>
    <UnitTestResult executionId="7890cae8-98a6-4ee9-a726-6e85d019e4be" testId="9cc42422-4e4b-24a8-111c-20a852b8167d" testName="PlaywrightTests.AllPagesE2ETest.Page_Should_Load_And_Display_Key_Element(route: &quot;/workers/add-edit&quot;, keyTextOrClass: &quot;Add New Worker&quot;)" computerName="WLH48Z0UEKZDBZV" duration="00:00:04.4033169" startTime="2025-07-24T12:25:28.1923434-05:00" endTime="2025-07-24T12:25:28.1923436-05:00" testType="13cdc9d9-ddb5-4fa4-a97d-d965ccfc6d4b" outcome="Failed" testListId="8c84fa94-04c1-424b-9868-57a2d4851a1d" relativeResultsDirectory="7890cae8-98a6-4ee9-a726-6e85d019e4be">
      <Output>
        <ErrorInfo>
          <Message>Key element 'Add New Worker' not found on page /workers/add-edit</Message>
          <StackTrace>   at PlaywrightTests.AllPagesE2ETest.Page_Should_Load_And_Display_Key_Element(String route, String keyTextOrClass) in C:\HackDay2\hack_leftovers\PlaywrightTests\AllPagesE2ETest.cs:line 104&#xD;
   at PlaywrightTests.AllPagesE2ETest.Page_Should_Load_And_Display_Key_Element(String route, String keyTextOrClass) in C:\HackDay2\hack_leftovers\PlaywrightTests\AllPagesE2ETest.cs:line 104&#xD;
--- End of stack trace from previous location ---</StackTrace>
        </ErrorInfo>
      </Output>
    </UnitTestResult>
    <UnitTestResult executionId="bef33dad-6ae9-4f8d-9590-8804708f3b72" testId="64eee20e-9648-e2db-dc84-c7c6dcb911d2" testName="PlaywrightTests.AllPagesE2ETest.Page_Should_Load_And_Display_Key_Element(route: &quot;/tableadmin&quot;, keyTextOrClass: &quot;Table Administration&quot;)" computerName="WLH48Z0UEKZDBZV" duration="00:00:04.3892938" startTime="2025-07-24T12:25:37.0692046-05:00" endTime="2025-07-24T12:25:37.0692049-05:00" testType="13cdc9d9-ddb5-4fa4-a97d-d965ccfc6d4b" outcome="Passed" testListId="8c84fa94-04c1-424b-9868-57a2d4851a1d" relativeResultsDirectory="bef33dad-6ae9-4f8d-9590-8804708f3b72" />
    <UnitTestResult executionId="eda2484f-5805-4926-823c-18353cb94267" testId="71429d5b-7840-c796-d6e8-f3f8e763bbea" testName="PlaywrightTests.AllPagesE2ETest.Page_Should_Load_And_Display_Key_Element(route: &quot;/clinical-input&quot;, keyTextOrClass: &quot;Clinical Input Console&quot;)" computerName="WLH48Z0UEKZDBZV" duration="00:00:04.4870244" startTime="2025-07-24T12:25:32.6795283-05:00" endTime="2025-07-24T12:25:32.6795286-05:00" testType="13cdc9d9-ddb5-4fa4-a97d-d965ccfc6d4b" outcome="Passed" testListId="8c84fa94-04c1-424b-9868-57a2d4851a1d" relativeResultsDirectory="eda2484f-5805-4926-823c-18353cb94267" />
    <UnitTestResult executionId="3fa9881a-f90d-4360-a65e-08a3e59d8a8b" testId="6a6a3d88-7b83-cbe1-449d-01f6e7480935" testName="PlaywrightTests.AboutPageE2ETest.AboutPage_Should_Display_Copyright_Info" computerName="WLH48Z0UEKZDBZV" duration="00:00:06.5041953" startTime="2025-07-24T12:24:30.9739198-05:00" endTime="2025-07-24T12:24:30.9739201-05:00" testType="13cdc9d9-ddb5-4fa4-a97d-d965ccfc6d4b" outcome="Passed" testListId="8c84fa94-04c1-424b-9868-57a2d4851a1d" relativeResultsDirectory="3fa9881a-f90d-4360-a65e-08a3e59d8a8b" />
    <UnitTestResult executionId="eaae05be-f2bb-4c30-b440-321aab971c44" testId="348c510d-e24c-ac1d-758b-203710e9be33" testName="PlaywrightTests.AllPagesE2ETest.Page_Should_Load_And_Display_Key_Element(route: &quot;/wound/restage-pressure-ulcer&quot;, keyTextOrClass: &quot;dialog-container&quot;)" computerName="WLH48Z0UEKZDBZV" duration="00:00:07.1335332" startTime="2025-07-24T12:24:42.7643615-05:00" endTime="2025-07-24T12:24:42.7643618-05:00" testType="13cdc9d9-ddb5-4fa4-a97d-d965ccfc6d4b" outcome="Passed" testListId="8c84fa94-04c1-424b-9868-57a2d4851a1d" relativeResultsDirectory="eaae05be-f2bb-4c30-b440-321aab971c44" />
    <UnitTestResult executionId="b49c2807-8e1e-4213-867f-95bb72dc0162" testId="aa0ce9da-abb2-8e99-c629-3f68c5798757" testName="PlaywrightTests.AboutPageE2ETest.AboutPage_Should_Display_All_Images_With_Correct_Alt" computerName="WLH48Z0UEKZDBZV" duration="00:00:07.2463156" startTime="2025-07-24T12:25:05.1110077-05:00" endTime="2025-07-24T12:25:05.1110080-05:00" testType="13cdc9d9-ddb5-4fa4-a97d-d965ccfc6d4b" outcome="Passed" testListId="8c84fa94-04c1-424b-9868-57a2d4851a1d" relativeResultsDirectory="b49c2807-8e1e-4213-867f-95bb72dc0162" />
    <UnitTestResult executionId="c0a7b637-17fe-42d2-a03b-188d3ea72785" testId="afb52a71-bf6c-1752-a7ac-59f494ac1a64" testName="PlaywrightTests.AboutPageE2ETest.AboutPage_Should_Display_Heading" computerName="WLH48Z0UEKZDBZV" duration="00:00:27.5090009" startTime="2025-07-24T12:24:24.4692390-05:00" endTime="2025-07-24T12:24:24.4692393-05:00" testType="13cdc9d9-ddb5-4fa4-a97d-d965ccfc6d4b" outcome="Passed" testListId="8c84fa94-04c1-424b-9868-57a2d4851a1d" relativeResultsDirectory="c0a7b637-17fe-42d2-a03b-188d3ea72785" />
    <UnitTestResult executionId="5e26b98b-5936-4c36-a205-130a35abbfe4" testId="4a3c3c1d-71ed-a437-8dfb-f282c7665fc7" testName="PlaywrightTests.AboutPageE2ETest.AboutPage_Close_Button_Should_Navigate_To_Home" computerName="WLH48Z0UEKZDBZV" duration="00:00:18.6306214" startTime="2025-07-24T12:24:49.6084612-05:00" endTime="2025-07-24T12:24:49.6084615-05:00" testType="13cdc9d9-ddb5-4fa4-a97d-d965ccfc6d4b" outcome="Failed" testListId="8c84fa94-04c1-424b-9868-57a2d4851a1d" relativeResultsDirectory="5e26b98b-5936-4c36-a205-130a35abbfe4">
      <Output>
        <ErrorInfo>
          <Message>System.TimeoutException : Timeout 10000ms exceeded.
=========================== logs ===========================
waiting for navigation until "Load"
============================================================&#xD;
---- System.TimeoutException : Timeout 10000ms exceeded.</Message>
          <StackTrace>   at Microsoft.Playwright.Core.Waiter.WaitForPromiseAsync[T](Task`1 task, Action dispose) in /_/src/Playwright/Core/Waiter.cs:line 226&#xD;
   at Microsoft.Playwright.Core.Frame.WaitForNavigationInternalAsync(Waiter waiter, String urlString, Func`2 urlFunc, Regex urlRegex, Nullable`1 waitUntil) in /_/src/Playwright/Core/Frame.cs:line 321&#xD;
   at Microsoft.Playwright.Core.Frame.RunAndWaitForNavigationAsync(Func`1 action, FrameRunAndWaitForNavigationOptions options) in /_/src/Playwright/Core/Frame.cs:line 285&#xD;
   at PlaywrightTests.AboutPageE2ETest.AboutPage_Close_Button_Should_Navigate_To_Home() in C:\HackDay2\hack_leftovers\PlaywrightTests\AboutPageE2ETest.cs:line 75&#xD;
   at PlaywrightTests.AboutPageE2ETest.AboutPage_Close_Button_Should_Navigate_To_Home() in C:\HackDay2\hack_leftovers\PlaywrightTests\AboutPageE2ETest.cs:line 78&#xD;
--- End of stack trace from previous location ---&#xD;
----- Inner Stack Trace -----&#xD;
   at Microsoft.Playwright.Helpers.TaskHelper.&lt;&gt;c__DisplayClass2_0.&lt;WithTimeout&gt;b__0() in /_/src/Playwright/Helpers/TaskHelper.cs:line 72&#xD;
   at Microsoft.Playwright.Helpers.TaskHelper.WithTimeout(Task task, Func`1 timeoutAction, TimeSpan timeout, CancellationToken cancellationToken) in /_/src/Playwright/Helpers/TaskHelper.cs:line 108&#xD;
   at Microsoft.Playwright.Core.Waiter.WaitForPromiseAsync[T](Task`1 task, Action dispose) in /_/src/Playwright/Core/Waiter.cs:line 218</StackTrace>
        </ErrorInfo>
      </Output>
    </UnitTestResult>
    <UnitTestResult executionId="024150b7-5493-4ff1-9bed-ec17ba722e1a" testId="78c903b4-8f94-18a1-eead-e282b5bb47eb" testName="PlaywrightTests.AllPagesE2ETest.Page_Should_Load_And_Display_Key_Element(route: &quot;/workers&quot;, keyTextOrClass: &quot;Workers Management&quot;)" computerName="WLH48Z0UEKZDBZV" duration="00:00:08.3617339" startTime="2025-07-24T12:24:35.6301521-05:00" endTime="2025-07-24T12:24:35.6301523-05:00" testType="13cdc9d9-ddb5-4fa4-a97d-d965ccfc6d4b" outcome="Passed" testListId="8c84fa94-04c1-424b-9868-57a2d4851a1d" relativeResultsDirectory="024150b7-5493-4ff1-9bed-ec17ba722e1a" />
    <UnitTestResult executionId="cb11bdb7-a787-444d-a6d5-5f83ce590e54" testId="bc2e0dd3-d341-45eb-6ca1-b92ece2e1629" testName="PlaywrightTests.AllPagesE2ETest.Page_Should_Load_And_Display_Key_Element(route: &quot;/wound/add-edit-image&quot;, keyTextOrClass: &quot;form-header&quot;)" computerName="WLH48Z0UEKZDBZV" duration="00:00:05.5035333" startTime="2025-07-24T12:25:42.5731827-05:00" endTime="2025-07-24T12:25:42.5731829-05:00" testType="13cdc9d9-ddb5-4fa4-a97d-d965ccfc6d4b" outcome="Passed" testListId="8c84fa94-04c1-424b-9868-57a2d4851a1d" relativeResultsDirectory="cb11bdb7-a787-444d-a6d5-5f83ce590e54" />
    <UnitTestResult executionId="33fac36c-faf7-48e1-a878-5a4e692f749c" testId="0c0c9fb0-3a47-4be3-194f-189087065b71" testName="PlaywrightTests.AllPagesE2ETest.Page_Should_Load_And_Display_Key_Element(route: &quot;/wound/associate-to-order&quot;, keyTextOrClass: &quot;dialog-container&quot;)" computerName="WLH48Z0UEKZDBZV" duration="00:00:05.3031122" startTime="2025-07-24T12:26:03.2225309-05:00" endTime="2025-07-24T12:26:03.2225312-05:00" testType="13cdc9d9-ddb5-4fa4-a97d-d965ccfc6d4b" outcome="Passed" testListId="8c84fa94-04c1-424b-9868-57a2d4851a1d" relativeResultsDirectory="33fac36c-faf7-48e1-a878-5a4e692f749c" />
  </Results>
  <TestDefinitions>
    <UnitTest name="PlaywrightTests.AllPagesE2ETest.Page_Should_Load_And_Display_Key_Element(route: &quot;/wound/add-edit-image&quot;, keyTextOrClass: &quot;form-header&quot;)" storage="c:\hackday2\hack_leftovers\playwrighttests\bin\debug\net9.0\playwrighttests.dll" id="bc2e0dd3-d341-45eb-6ca1-b92ece2e1629">
      <Execution id="cb11bdb7-a787-444d-a6d5-5f83ce590e54" />
      <TestMethod codeBase="C:\HackDay2\hack_leftovers\PlaywrightTests\bin\Debug\net9.0\PlaywrightTests.dll" adapterTypeName="executor://xunit/VsTestRunner2/netcoreapp" className="PlaywrightTests.AllPagesE2ETest" name="Page_Should_Load_And_Display_Key_Element" />
    </UnitTest>
    <UnitTest name="PlaywrightTests.AllPagesE2ETest.Page_Should_Load_And_Display_Key_Element(route: &quot;/about&quot;, keyTextOrClass: &quot;About&quot;)" storage="c:\hackday2\hack_leftovers\playwrighttests\bin\debug\net9.0\playwrighttests.dll" id="641a3f9c-6ce8-1d34-2a78-63f4bf95f284">
      <Execution id="267ada61-cf31-4368-b43c-c4f7f2059fee" />
      <TestMethod codeBase="C:\HackDay2\hack_leftovers\PlaywrightTests\bin\Debug\net9.0\PlaywrightTests.dll" adapterTypeName="executor://xunit/VsTestRunner2/netcoreapp" className="PlaywrightTests.AllPagesE2ETest" name="Page_Should_Load_And_Display_Key_Element" />
    </UnitTest>
    <UnitTest name="PlaywrightTests.AboutPageE2ETest.AboutPage_Should_Display_Copyright_Info" storage="c:\hackday2\hack_leftovers\playwrighttests\bin\debug\net9.0\playwrighttests.dll" id="6a6a3d88-7b83-cbe1-449d-01f6e7480935">
      <Execution id="3fa9881a-f90d-4360-a65e-08a3e59d8a8b" />
      <TestMethod codeBase="C:\HackDay2\hack_leftovers\PlaywrightTests\bin\Debug\net9.0\PlaywrightTests.dll" adapterTypeName="executor://xunit/VsTestRunner2/netcoreapp" className="PlaywrightTests.AboutPageE2ETest" name="AboutPage_Should_Display_Copyright_Info" />
    </UnitTest>
    <UnitTest name="PlaywrightTests.AllPagesE2ETest.Page_Should_Load_And_Display_Key_Element(route: &quot;/workers/add-edit&quot;, keyTextOrClass: &quot;Add New Worker&quot;)" storage="c:\hackday2\hack_leftovers\playwrighttests\bin\debug\net9.0\playwrighttests.dll" id="9cc42422-4e4b-24a8-111c-20a852b8167d">
      <Execution id="7890cae8-98a6-4ee9-a726-6e85d019e4be" />
      <TestMethod codeBase="C:\HackDay2\hack_leftovers\PlaywrightTests\bin\Debug\net9.0\PlaywrightTests.dll" adapterTypeName="executor://xunit/VsTestRunner2/netcoreapp" className="PlaywrightTests.AllPagesE2ETest" name="Page_Should_Load_And_Display_Key_Element" />
    </UnitTest>
    <UnitTest name="PlaywrightTests.AllPagesE2ETest.Page_Should_Load_And_Display_Key_Element(route: &quot;/wound/view-list&quot;, keyTextOrClass: &quot;form-header&quot;)" storage="c:\hackday2\hack_leftovers\playwrighttests\bin\debug\net9.0\playwrighttests.dll" id="ab21cfeb-7af7-b150-ce60-f2d62ead2900">
      <Execution id="a1c1ffe2-48f7-4f9f-acf6-88253f4b585a" />
      <TestMethod codeBase="C:\HackDay2\hack_leftovers\PlaywrightTests\bin\Debug\net9.0\PlaywrightTests.dll" adapterTypeName="executor://xunit/VsTestRunner2/netcoreapp" className="PlaywrightTests.AllPagesE2ETest" name="Page_Should_Load_And_Display_Key_Element" />
    </UnitTest>
    <UnitTest name="PlaywrightTests.AllPagesE2ETest.Page_Should_Load_And_Display_Key_Element(route: &quot;/wound/associate-to-order&quot;, keyTextOrClass: &quot;dialog-container&quot;)" storage="c:\hackday2\hack_leftovers\playwrighttests\bin\debug\net9.0\playwrighttests.dll" id="0c0c9fb0-3a47-4be3-194f-189087065b71">
      <Execution id="33fac36c-faf7-48e1-a878-5a4e692f749c" />
      <TestMethod codeBase="C:\HackDay2\hack_leftovers\PlaywrightTests\bin\Debug\net9.0\PlaywrightTests.dll" adapterTypeName="executor://xunit/VsTestRunner2/netcoreapp" className="PlaywrightTests.AllPagesE2ETest" name="Page_Should_Load_And_Display_Key_Element" />
    </UnitTest>
    <UnitTest name="PlaywrightTests.AllPagesE2ETest.Page_Should_Load_And_Display_Key_Element(route: &quot;/clinical-input&quot;, keyTextOrClass: &quot;Clinical Input Console&quot;)" storage="c:\hackday2\hack_leftovers\playwrighttests\bin\debug\net9.0\playwrighttests.dll" id="71429d5b-7840-c796-d6e8-f3f8e763bbea">
      <Execution id="eda2484f-5805-4926-823c-18353cb94267" />
      <TestMethod codeBase="C:\HackDay2\hack_leftovers\PlaywrightTests\bin\Debug\net9.0\PlaywrightTests.dll" adapterTypeName="executor://xunit/VsTestRunner2/netcoreapp" className="PlaywrightTests.AllPagesE2ETest" name="Page_Should_Load_And_Display_Key_Element" />
    </UnitTest>
    <UnitTest name="PlaywrightTests.AboutPageE2ETest.AboutPage_Should_Display_All_Images_With_Correct_Alt" storage="c:\hackday2\hack_leftovers\playwrighttests\bin\debug\net9.0\playwrighttests.dll" id="aa0ce9da-abb2-8e99-c629-3f68c5798757">
      <Execution id="b49c2807-8e1e-4213-867f-95bb72dc0162" />
      <TestMethod codeBase="C:\HackDay2\hack_leftovers\PlaywrightTests\bin\Debug\net9.0\PlaywrightTests.dll" adapterTypeName="executor://xunit/VsTestRunner2/netcoreapp" className="PlaywrightTests.AboutPageE2ETest" name="AboutPage_Should_Display_All_Images_With_Correct_Alt" />
    </UnitTest>
    <UnitTest name="PlaywrightTests.AllPagesE2ETest.Page_Should_Load_And_Display_Key_Element(route: &quot;/workers/add-edit-1&quot;, keyTextOrClass: &quot;Add/Edit Worker&quot;)" storage="c:\hackday2\hack_leftovers\playwrighttests\bin\debug\net9.0\playwrighttests.dll" id="ddfb976a-a27f-1c25-6870-3d7b3ad4b884">
      <Execution id="0a3c0d05-879e-4111-bd27-a4912591c21b" />
      <TestMethod codeBase="C:\HackDay2\hack_leftovers\PlaywrightTests\bin\Debug\net9.0\PlaywrightTests.dll" adapterTypeName="executor://xunit/VsTestRunner2/netcoreapp" className="PlaywrightTests.AllPagesE2ETest" name="Page_Should_Load_And_Display_Key_Element" />
    </UnitTest>
    <UnitTest name="PlaywrightTests.AllPagesE2ETest.Page_Should_Load_And_Display_Key_Element(route: &quot;/wound/inactivate&quot;, keyTextOrClass: &quot;dialog-container&quot;)" storage="c:\hackday2\hack_leftovers\playwrighttests\bin\debug\net9.0\playwrighttests.dll" id="968b6c5f-a488-329d-b48c-ccdc80659730">
      <Execution id="8e957d65-a24e-498b-8cf2-c8b64ac99530" />
      <TestMethod codeBase="C:\HackDay2\hack_leftovers\PlaywrightTests\bin\Debug\net9.0\PlaywrightTests.dll" adapterTypeName="executor://xunit/VsTestRunner2/netcoreapp" className="PlaywrightTests.AllPagesE2ETest" name="Page_Should_Load_And_Display_Key_Element" />
    </UnitTest>
    <UnitTest name="PlaywrightTests.AllPagesE2ETest.Page_Should_Load_And_Display_Key_Element(route: &quot;/workers&quot;, keyTextOrClass: &quot;Workers Management&quot;)" storage="c:\hackday2\hack_leftovers\playwrighttests\bin\debug\net9.0\playwrighttests.dll" id="78c903b4-8f94-18a1-eead-e282b5bb47eb">
      <Execution id="024150b7-5493-4ff1-9bed-ec17ba722e1a" />
      <TestMethod codeBase="C:\HackDay2\hack_leftovers\PlaywrightTests\bin\Debug\net9.0\PlaywrightTests.dll" adapterTypeName="executor://xunit/VsTestRunner2/netcoreapp" className="PlaywrightTests.AllPagesE2ETest" name="Page_Should_Load_And_Display_Key_Element" />
    </UnitTest>
    <UnitTest name="PlaywrightTests.AllPagesE2ETest.Page_Should_Load_And_Display_Key_Element(route: &quot;/referral-form&quot;, keyTextOrClass: &quot;Patient Intake - Referral Form&quot;)" storage="c:\hackday2\hack_leftovers\playwrighttests\bin\debug\net9.0\playwrighttests.dll" id="756570fe-c450-0169-5f70-4636dfc557af">
      <Execution id="8c7d0916-3cd4-4e18-9512-3e540dc85971" />
      <TestMethod codeBase="C:\HackDay2\hack_leftovers\PlaywrightTests\bin\Debug\net9.0\PlaywrightTests.dll" adapterTypeName="executor://xunit/VsTestRunner2/netcoreapp" className="PlaywrightTests.AllPagesE2ETest" name="Page_Should_Load_And_Display_Key_Element" />
    </UnitTest>
    <UnitTest name="PlaywrightTests.AllPagesE2ETest.Page_Should_Load_And_Display_Key_Element(route: &quot;/&quot;, keyTextOrClass: &quot;Welcome to BackOffice.Blazor&quot;)" storage="c:\hackday2\hack_leftovers\playwrighttests\bin\debug\net9.0\playwrighttests.dll" id="7cd1b2bb-d802-e8d1-979f-7a2989140f19">
      <Execution id="d9109de4-1320-4c50-b566-d0fc93762f06" />
      <TestMethod codeBase="C:\HackDay2\hack_leftovers\PlaywrightTests\bin\Debug\net9.0\PlaywrightTests.dll" adapterTypeName="executor://xunit/VsTestRunner2/netcoreapp" className="PlaywrightTests.AllPagesE2ETest" name="Page_Should_Load_And_Display_Key_Element" />
    </UnitTest>
    <UnitTest name="PlaywrightTests.AllPagesE2ETest.Page_Should_Load_And_Display_Key_Element(route: &quot;/client-referral&quot;, keyTextOrClass: &quot;Client Referral Form&quot;)" storage="c:\hackday2\hack_leftovers\playwrighttests\bin\debug\net9.0\playwrighttests.dll" id="9896d945-e67b-f385-b9a2-c98048985d66">
      <Execution id="fe679f89-cfd6-4f8e-89c0-24942a6ff184" />
      <TestMethod codeBase="C:\HackDay2\hack_leftovers\PlaywrightTests\bin\Debug\net9.0\PlaywrightTests.dll" adapterTypeName="executor://xunit/VsTestRunner2/netcoreapp" className="PlaywrightTests.AllPagesE2ETest" name="Page_Should_Load_And_Display_Key_Element" />
    </UnitTest>
    <UnitTest name="PlaywrightTests.AllPagesE2ETest.Page_Should_Load_And_Display_Key_Element(route: &quot;/wound/add-simple&quot;, keyTextOrClass: &quot;form-header&quot;)" storage="c:\hackday2\hack_leftovers\playwrighttests\bin\debug\net9.0\playwrighttests.dll" id="523059fd-ca79-1dfa-ed1b-2fb2ab9c200b">
      <Execution id="c831d785-2f7a-45be-afd8-e72eeffe87d3" />
      <TestMethod codeBase="C:\HackDay2\hack_leftovers\PlaywrightTests\bin\Debug\net9.0\PlaywrightTests.dll" adapterTypeName="executor://xunit/VsTestRunner2/netcoreapp" className="PlaywrightTests.AllPagesE2ETest" name="Page_Should_Load_And_Display_Key_Element" />
    </UnitTest>
    <UnitTest name="PlaywrightTests.AllPagesE2ETest.Page_Should_Load_And_Display_Key_Element(route: &quot;/billing-management&quot;, keyTextOrClass: &quot;Billing Management&quot;)" storage="c:\hackday2\hack_leftovers\playwrighttests\bin\debug\net9.0\playwrighttests.dll" id="1f9401fc-a3ed-2791-856f-7bb57e9b6e22">
      <Execution id="9799422d-47c8-4666-b98a-295e5dff946d" />
      <TestMethod codeBase="C:\HackDay2\hack_leftovers\PlaywrightTests\bin\Debug\net9.0\PlaywrightTests.dll" adapterTypeName="executor://xunit/VsTestRunner2/netcoreapp" className="PlaywrightTests.AllPagesE2ETest" name="Page_Should_Load_And_Display_Key_Element" />
    </UnitTest>
    <UnitTest name="PlaywrightTests.AllPagesE2ETest.Page_Should_Load_And_Display_Key_Element(route: &quot;/graphql-demo&quot;, keyTextOrClass: &quot;GraphQL Demo&quot;)" storage="c:\hackday2\hack_leftovers\playwrighttests\bin\debug\net9.0\playwrighttests.dll" id="a5d2fedf-8435-066c-18d7-06b50b7975f0">
      <Execution id="4c520623-b3cc-4941-b5ae-ab22e11be815" />
      <TestMethod codeBase="C:\HackDay2\hack_leftovers\PlaywrightTests\bin\Debug\net9.0\PlaywrightTests.dll" adapterTypeName="executor://xunit/VsTestRunner2/netcoreapp" className="PlaywrightTests.AllPagesE2ETest" name="Page_Should_Load_And_Display_Key_Element" />
    </UnitTest>
    <UnitTest name="PlaywrightTests.AllPagesE2ETest.Page_Should_Load_And_Display_Key_Element(route: &quot;/wound/record&quot;, keyTextOrClass: &quot;app-header&quot;)" storage="c:\hackday2\hack_leftovers\playwrighttests\bin\debug\net9.0\playwrighttests.dll" id="4e068c6d-01ac-9f19-6652-789c4fada832">
      <Execution id="7b9d59ac-8a67-4b00-a45a-ce67dcee3a13" />
      <TestMethod codeBase="C:\HackDay2\hack_leftovers\PlaywrightTests\bin\Debug\net9.0\PlaywrightTests.dll" adapterTypeName="executor://xunit/VsTestRunner2/netcoreapp" className="PlaywrightTests.AllPagesE2ETest" name="Page_Should_Load_And_Display_Key_Element" />
    </UnitTest>
    <UnitTest name="PlaywrightTests.AllPagesE2ETest.Page_Should_Load_And_Display_Key_Element(route: &quot;/wound/correct-location-type&quot;, keyTextOrClass: &quot;dialog-container&quot;)" storage="c:\hackday2\hack_leftovers\playwrighttests\bin\debug\net9.0\playwrighttests.dll" id="8ad0d637-cf52-ef85-d0f7-2c18c6e42c38">
      <Execution id="788751ba-674d-445c-9977-b576d44e5b08" />
      <TestMethod codeBase="C:\HackDay2\hack_leftovers\PlaywrightTests\bin\Debug\net9.0\PlaywrightTests.dll" adapterTypeName="executor://xunit/VsTestRunner2/netcoreapp" className="PlaywrightTests.AllPagesE2ETest" name="Page_Should_Load_And_Display_Key_Element" />
    </UnitTest>
    <UnitTest name="PlaywrightTests.AllPagesE2ETest.Page_Should_Load_And_Display_Key_Element(route: &quot;/wound/compare-images&quot;, keyTextOrClass: &quot;form-header&quot;)" storage="c:\hackday2\hack_leftovers\playwrighttests\bin\debug\net9.0\playwrighttests.dll" id="9f907180-c91d-4768-9d62-15c877e75095">
      <Execution id="81dae5b7-f141-49e2-ab9a-42be5510cbd6" />
      <TestMethod codeBase="C:\HackDay2\hack_leftovers\PlaywrightTests\bin\Debug\net9.0\PlaywrightTests.dll" adapterTypeName="executor://xunit/VsTestRunner2/netcoreapp" className="PlaywrightTests.AllPagesE2ETest" name="Page_Should_Load_And_Display_Key_Element" />
    </UnitTest>
    <UnitTest name="PlaywrightTests.AboutPageE2ETest.AboutPage_Close_Button_Should_Navigate_To_Home" storage="c:\hackday2\hack_leftovers\playwrighttests\bin\debug\net9.0\playwrighttests.dll" id="4a3c3c1d-71ed-a437-8dfb-f282c7665fc7">
      <Execution id="5e26b98b-5936-4c36-a205-130a35abbfe4" />
      <TestMethod codeBase="C:\HackDay2\hack_leftovers\PlaywrightTests\bin\Debug\net9.0\PlaywrightTests.dll" adapterTypeName="executor://xunit/VsTestRunner2/netcoreapp" className="PlaywrightTests.AboutPageE2ETest" name="AboutPage_Close_Button_Should_Navigate_To_Home" />
    </UnitTest>
    <UnitTest name="PlaywrightTests.AllPagesE2ETest.Page_Should_Load_And_Display_Key_Element(route: &quot;/mainform-full&quot;, keyTextOrClass: &quot;HCHB BackOffice - Main Dashboard&quot;)" storage="c:\hackday2\hack_leftovers\playwrighttests\bin\debug\net9.0\playwrighttests.dll" id="91b645f4-c27b-b9f6-bcd8-cc2539a131c1">
      <Execution id="24115599-c1b7-4360-80da-de3642eca76e" />
      <TestMethod codeBase="C:\HackDay2\hack_leftovers\PlaywrightTests\bin\Debug\net9.0\PlaywrightTests.dll" adapterTypeName="executor://xunit/VsTestRunner2/netcoreapp" className="PlaywrightTests.AllPagesE2ETest" name="Page_Should_Load_And_Display_Key_Element" />
    </UnitTest>
    <UnitTest name="PlaywrightTests.BasicE2ETest.HomePage_Should_Have_Title" storage="c:\hackday2\hack_leftovers\playwrighttests\bin\debug\net9.0\playwrighttests.dll" id="422133b2-6083-79eb-ac06-3ce49a867937">
      <Execution id="6994622e-1ae4-4dfc-8729-9d91838b27ab" />
      <TestMethod codeBase="C:\HackDay2\hack_leftovers\PlaywrightTests\bin\Debug\net9.0\PlaywrightTests.dll" adapterTypeName="executor://xunit/VsTestRunner2/netcoreapp" className="PlaywrightTests.BasicE2ETest" name="HomePage_Should_Have_Title" />
    </UnitTest>
    <UnitTest name="PlaywrightTests.AboutPageE2ETest.AboutPage_Should_Display_Heading" storage="c:\hackday2\hack_leftovers\playwrighttests\bin\debug\net9.0\playwrighttests.dll" id="afb52a71-bf6c-1752-a7ac-59f494ac1a64">
      <Execution id="c0a7b637-17fe-42d2-a03b-188d3ea72785" />
      <TestMethod codeBase="C:\HackDay2\hack_leftovers\PlaywrightTests\bin\Debug\net9.0\PlaywrightTests.dll" adapterTypeName="executor://xunit/VsTestRunner2/netcoreapp" className="PlaywrightTests.AboutPageE2ETest" name="AboutPage_Should_Display_Heading" />
    </UnitTest>
    <UnitTest name="PlaywrightTests.AboutPageE2ETest.AboutPage_Should_Display_Version_Info" storage="c:\hackday2\hack_leftovers\playwrighttests\bin\debug\net9.0\playwrighttests.dll" id="bf4ca710-8cf7-4847-6a86-5ef2fba30bb8">
      <Execution id="11aeee6b-bf75-4bf3-b4d8-57ab0bb6f974" />
      <TestMethod codeBase="C:\HackDay2\hack_leftovers\PlaywrightTests\bin\Debug\net9.0\PlaywrightTests.dll" adapterTypeName="executor://xunit/VsTestRunner2/netcoreapp" className="PlaywrightTests.AboutPageE2ETest" name="AboutPage_Should_Display_Version_Info" />
    </UnitTest>
    <UnitTest name="PlaywrightTests.AllPagesE2ETest.Page_Should_Load_And_Display_Key_Element(route: &quot;/tableadmin&quot;, keyTextOrClass: &quot;Table Administration&quot;)" storage="c:\hackday2\hack_leftovers\playwrighttests\bin\debug\net9.0\playwrighttests.dll" id="64eee20e-9648-e2db-dc84-c7c6dcb911d2">
      <Execution id="bef33dad-6ae9-4f8d-9590-8804708f3b72" />
      <TestMethod codeBase="C:\HackDay2\hack_leftovers\PlaywrightTests\bin\Debug\net9.0\PlaywrightTests.dll" adapterTypeName="executor://xunit/VsTestRunner2/netcoreapp" className="PlaywrightTests.AllPagesE2ETest" name="Page_Should_Load_And_Display_Key_Element" />
    </UnitTest>
    <UnitTest name="PlaywrightTests.AllPagesE2ETest.Page_Should_Load_And_Display_Key_Element(route: &quot;/clinical-input-search&quot;, keyTextOrClass: &quot;Search&quot;)" storage="c:\hackday2\hack_leftovers\playwrighttests\bin\debug\net9.0\playwrighttests.dll" id="0b0af52b-6801-9dc7-ecd8-cbf9b9500325">
      <Execution id="a295d438-8493-4407-83fe-da1af9b3638c" />
      <TestMethod codeBase="C:\HackDay2\hack_leftovers\PlaywrightTests\bin\Debug\net9.0\PlaywrightTests.dll" adapterTypeName="executor://xunit/VsTestRunner2/netcoreapp" className="PlaywrightTests.AllPagesE2ETest" name="Page_Should_Load_And_Display_Key_Element" />
    </UnitTest>
    <UnitTest name="PlaywrightTests.AllPagesE2ETest.Page_Should_Load_And_Display_Key_Element(route: &quot;/wound/restage-pressure-ulcer&quot;, keyTextOrClass: &quot;dialog-container&quot;)" storage="c:\hackday2\hack_leftovers\playwrighttests\bin\debug\net9.0\playwrighttests.dll" id="348c510d-e24c-ac1d-758b-203710e9be33">
      <Execution id="eaae05be-f2bb-4c30-b440-321aab971c44" />
      <TestMethod codeBase="C:\HackDay2\hack_leftovers\PlaywrightTests\bin\Debug\net9.0\PlaywrightTests.dll" adapterTypeName="executor://xunit/VsTestRunner2/netcoreapp" className="PlaywrightTests.AllPagesE2ETest" name="Page_Should_Load_And_Display_Key_Element" />
    </UnitTest>
  </TestDefinitions>
  <TestEntries>
    <TestEntry testId="968b6c5f-a488-329d-b48c-ccdc80659730" executionId="8e957d65-a24e-498b-8cf2-c8b64ac99530" testListId="8c84fa94-04c1-424b-9868-57a2d4851a1d" />
    <TestEntry testId="422133b2-6083-79eb-ac06-3ce49a867937" executionId="6994622e-1ae4-4dfc-8729-9d91838b27ab" testListId="8c84fa94-04c1-424b-9868-57a2d4851a1d" />
    <TestEntry testId="ab21cfeb-7af7-b150-ce60-f2d62ead2900" executionId="a1c1ffe2-48f7-4f9f-acf6-88253f4b585a" testListId="8c84fa94-04c1-424b-9868-57a2d4851a1d" />
    <TestEntry testId="ddfb976a-a27f-1c25-6870-3d7b3ad4b884" executionId="0a3c0d05-879e-4111-bd27-a4912591c21b" testListId="8c84fa94-04c1-424b-9868-57a2d4851a1d" />
    <TestEntry testId="8ad0d637-cf52-ef85-d0f7-2c18c6e42c38" executionId="788751ba-674d-445c-9977-b576d44e5b08" testListId="8c84fa94-04c1-424b-9868-57a2d4851a1d" />
    <TestEntry testId="a5d2fedf-8435-066c-18d7-06b50b7975f0" executionId="4c520623-b3cc-4941-b5ae-ab22e11be815" testListId="8c84fa94-04c1-424b-9868-57a2d4851a1d" />
    <TestEntry testId="1f9401fc-a3ed-2791-856f-7bb57e9b6e22" executionId="9799422d-47c8-4666-b98a-295e5dff946d" testListId="8c84fa94-04c1-424b-9868-57a2d4851a1d" />
    <TestEntry testId="9f907180-c91d-4768-9d62-15c877e75095" executionId="81dae5b7-f141-49e2-ab9a-42be5510cbd6" testListId="8c84fa94-04c1-424b-9868-57a2d4851a1d" />
    <TestEntry testId="0b0af52b-6801-9dc7-ecd8-cbf9b9500325" executionId="a295d438-8493-4407-83fe-da1af9b3638c" testListId="8c84fa94-04c1-424b-9868-57a2d4851a1d" />
    <TestEntry testId="641a3f9c-6ce8-1d34-2a78-63f4bf95f284" executionId="267ada61-cf31-4368-b43c-c4f7f2059fee" testListId="8c84fa94-04c1-424b-9868-57a2d4851a1d" />
    <TestEntry testId="523059fd-ca79-1dfa-ed1b-2fb2ab9c200b" executionId="c831d785-2f7a-45be-afd8-e72eeffe87d3" testListId="8c84fa94-04c1-424b-9868-57a2d4851a1d" />
    <TestEntry testId="4e068c6d-01ac-9f19-6652-789c4fada832" executionId="7b9d59ac-8a67-4b00-a45a-ce67dcee3a13" testListId="8c84fa94-04c1-424b-9868-57a2d4851a1d" />
    <TestEntry testId="bf4ca710-8cf7-4847-6a86-5ef2fba30bb8" executionId="11aeee6b-bf75-4bf3-b4d8-57ab0bb6f974" testListId="8c84fa94-04c1-424b-9868-57a2d4851a1d" />
    <TestEntry testId="756570fe-c450-0169-5f70-4636dfc557af" executionId="8c7d0916-3cd4-4e18-9512-3e540dc85971" testListId="8c84fa94-04c1-424b-9868-57a2d4851a1d" />
    <TestEntry testId="7cd1b2bb-d802-e8d1-979f-7a2989140f19" executionId="d9109de4-1320-4c50-b566-d0fc93762f06" testListId="8c84fa94-04c1-424b-9868-57a2d4851a1d" />
    <TestEntry testId="91b645f4-c27b-b9f6-bcd8-cc2539a131c1" executionId="24115599-c1b7-4360-80da-de3642eca76e" testListId="8c84fa94-04c1-424b-9868-57a2d4851a1d" />
    <TestEntry testId="9896d945-e67b-f385-b9a2-c98048985d66" executionId="fe679f89-cfd6-4f8e-89c0-24942a6ff184" testListId="8c84fa94-04c1-424b-9868-57a2d4851a1d" />
    <TestEntry testId="9cc42422-4e4b-24a8-111c-20a852b8167d" executionId="7890cae8-98a6-4ee9-a726-6e85d019e4be" testListId="8c84fa94-04c1-424b-9868-57a2d4851a1d" />
    <TestEntry testId="64eee20e-9648-e2db-dc84-c7c6dcb911d2" executionId="bef33dad-6ae9-4f8d-9590-8804708f3b72" testListId="8c84fa94-04c1-424b-9868-57a2d4851a1d" />
    <TestEntry testId="71429d5b-7840-c796-d6e8-f3f8e763bbea" executionId="eda2484f-5805-4926-823c-18353cb94267" testListId="8c84fa94-04c1-424b-9868-57a2d4851a1d" />
    <TestEntry testId="6a6a3d88-7b83-cbe1-449d-01f6e7480935" executionId="3fa9881a-f90d-4360-a65e-08a3e59d8a8b" testListId="8c84fa94-04c1-424b-9868-57a2d4851a1d" />
    <TestEntry testId="348c510d-e24c-ac1d-758b-203710e9be33" executionId="eaae05be-f2bb-4c30-b440-321aab971c44" testListId="8c84fa94-04c1-424b-9868-57a2d4851a1d" />
    <TestEntry testId="aa0ce9da-abb2-8e99-c629-3f68c5798757" executionId="b49c2807-8e1e-4213-867f-95bb72dc0162" testListId="8c84fa94-04c1-424b-9868-57a2d4851a1d" />
    <TestEntry testId="afb52a71-bf6c-1752-a7ac-59f494ac1a64" executionId="c0a7b637-17fe-42d2-a03b-188d3ea72785" testListId="8c84fa94-04c1-424b-9868-57a2d4851a1d" />
    <TestEntry testId="4a3c3c1d-71ed-a437-8dfb-f282c7665fc7" executionId="5e26b98b-5936-4c36-a205-130a35abbfe4" testListId="8c84fa94-04c1-424b-9868-57a2d4851a1d" />
    <TestEntry testId="78c903b4-8f94-18a1-eead-e282b5bb47eb" executionId="024150b7-5493-4ff1-9bed-ec17ba722e1a" testListId="8c84fa94-04c1-424b-9868-57a2d4851a1d" />
    <TestEntry testId="bc2e0dd3-d341-45eb-6ca1-b92ece2e1629" executionId="cb11bdb7-a787-444d-a6d5-5f83ce590e54" testListId="8c84fa94-04c1-424b-9868-57a2d4851a1d" />
    <TestEntry testId="0c0c9fb0-3a47-4be3-194f-189087065b71" executionId="33fac36c-faf7-48e1-a878-5a4e692f749c" testListId="8c84fa94-04c1-424b-9868-57a2d4851a1d" />
  </TestEntries>
  <TestLists>
    <TestList name="Results Not in a List" id="8c84fa94-04c1-424b-9868-57a2d4851a1d" />
    <TestList name="All Loaded Results" id="19431567-8539-422a-85d7-44ee4e166bda" />
  </TestLists>
  <ResultSummary outcome="Failed">
    <Counters total="28" executed="28" passed="23" failed="5" error="0" timeout="0" aborted="0" inconclusive="0" passedButRunAborted="0" notRunnable="0" notExecuted="0" disconnected="0" warning="0" completed="0" inProgress="0" pending="0" />
    <Output>
      <StdOut>[xUnit.net 00:00:00.00] xUnit.net VSTest Adapter v2.8.2+699d445a1a (64-bit .NET 9.0.7)&#xD;
[xUnit.net 00:00:00.06]   Discovering: PlaywrightTests&#xD;
[xUnit.net 00:00:00.10]   Discovered:  PlaywrightTests&#xD;
[xUnit.net 00:00:00.10]   Starting:    PlaywrightTests&#xD;
[xUnit.net 00:00:30.43]       Key element 'Patient Intake - Referral Form' not found on page /referral-form&#xD;
[xUnit.net 00:00:30.43]       Stack Trace:&#xD;
[xUnit.net 00:00:30.43]         C:\HackDay2\hack_leftovers\PlaywrightTests\AllPagesE2ETest.cs(104,0): at PlaywrightTests.AllPagesE2ETest.Page_Should_Load_And_Display_Key_Element(String route, String keyTextOrClass)&#xD;
[xUnit.net 00:00:30.43]         C:\HackDay2\hack_leftovers\PlaywrightTests\AllPagesE2ETest.cs(104,0): at PlaywrightTests.AllPagesE2ETest.Page_Should_Load_And_Display_Key_Element(String route, String keyTextOrClass)&#xD;
[xUnit.net 00:00:30.43]         --- End of stack trace from previous location ---&#xD;
[xUnit.net 00:00:52.77]       System.TimeoutException : Timeout 10000ms exceeded.
=========================== logs ===========================
waiting for navigation until "Load"
============================================================&#xD;
[xUnit.net 00:00:52.77]       ---- System.TimeoutException : Timeout 10000ms exceeded.&#xD;
[xUnit.net 00:00:52.77]       Stack Trace:&#xD;
[xUnit.net 00:00:52.77]         /_/src/Playwright/Core/Waiter.cs(226,0): at Microsoft.Playwright.Core.Waiter.WaitForPromiseAsync[T](Task`1 task, Action dispose)&#xD;
[xUnit.net 00:00:52.77]         /_/src/Playwright/Core/Frame.cs(321,0): at Microsoft.Playwright.Core.Frame.WaitForNavigationInternalAsync(Waiter waiter, String urlString, Func`2 urlFunc, Regex urlRegex, Nullable`1 waitUntil)&#xD;
[xUnit.net 00:00:52.77]         /_/src/Playwright/Core/Frame.cs(285,0): at Microsoft.Playwright.Core.Frame.RunAndWaitForNavigationAsync(Func`1 action, FrameRunAndWaitForNavigationOptions options)&#xD;
[xUnit.net 00:00:52.77]         C:\HackDay2\hack_leftovers\PlaywrightTests\AboutPageE2ETest.cs(75,0): at PlaywrightTests.AboutPageE2ETest.AboutPage_Close_Button_Should_Navigate_To_Home()&#xD;
[xUnit.net 00:00:52.77]         C:\HackDay2\hack_leftovers\PlaywrightTests\AboutPageE2ETest.cs(78,0): at PlaywrightTests.AboutPageE2ETest.AboutPage_Close_Button_Should_Navigate_To_Home()&#xD;
[xUnit.net 00:00:52.77]         --- End of stack trace from previous location ---&#xD;
[xUnit.net 00:00:52.77]         ----- Inner Stack Trace -----&#xD;
[xUnit.net 00:00:52.77]         /_/src/Playwright/Helpers/TaskHelper.cs(72,0): at Microsoft.Playwright.Helpers.TaskHelper.&lt;&gt;c__DisplayClass2_0.&lt;WithTimeout&gt;b__0()&#xD;
[xUnit.net 00:00:52.77]         /_/src/Playwright/Helpers/TaskHelper.cs(108,0): at Microsoft.Playwright.Helpers.TaskHelper.WithTimeout(Task task, Func`1 timeoutAction, TimeSpan timeout, CancellationToken cancellationToken)&#xD;
[xUnit.net 00:00:52.77]         /_/src/Playwright/Core/Waiter.cs(218,0): at Microsoft.Playwright.Core.Waiter.WaitForPromiseAsync[T](Task`1 task, Action dispose)&#xD;
[xUnit.net 00:01:03.46]       Key element 'Client Referral Form' not found on page /client-referral&#xD;
[xUnit.net 00:01:03.46]       Stack Trace:&#xD;
[xUnit.net 00:01:03.46]         C:\HackDay2\hack_leftovers\PlaywrightTests\AllPagesE2ETest.cs(104,0): at PlaywrightTests.AllPagesE2ETest.Page_Should_Load_And_Display_Key_Element(String route, String keyTextOrClass)&#xD;
[xUnit.net 00:01:03.46]         C:\HackDay2\hack_leftovers\PlaywrightTests\AllPagesE2ETest.cs(104,0): at PlaywrightTests.AllPagesE2ETest.Page_Should_Load_And_Display_Key_Element(String route, String keyTextOrClass)&#xD;
[xUnit.net 00:01:03.46]         --- End of stack trace from previous location ---&#xD;
[xUnit.net 00:01:17.26]       Key element 'HCHB BackOffice - Main Dashboard' not found on page /mainform-full&#xD;
[xUnit.net 00:01:17.26]       Stack Trace:&#xD;
[xUnit.net 00:01:17.26]         C:\HackDay2\hack_leftovers\PlaywrightTests\AllPagesE2ETest.cs(104,0): at PlaywrightTests.AllPagesE2ETest.Page_Should_Load_And_Display_Key_Element(String route, String keyTextOrClass)&#xD;
[xUnit.net 00:01:17.26]         C:\HackDay2\hack_leftovers\PlaywrightTests\AllPagesE2ETest.cs(104,0): at PlaywrightTests.AllPagesE2ETest.Page_Should_Load_And_Display_Key_Element(String route, String keyTextOrClass)&#xD;
[xUnit.net 00:01:17.26]         --- End of stack trace from previous location ---&#xD;
[xUnit.net 00:01:31.36]       Key element 'Add New Worker' not found on page /workers/add-edit&#xD;
[xUnit.net 00:01:31.36]       Stack Trace:&#xD;
[xUnit.net 00:01:31.36]         C:\HackDay2\hack_leftovers\PlaywrightTests\AllPagesE2ETest.cs(104,0): at PlaywrightTests.AllPagesE2ETest.Page_Should_Load_And_Display_Key_Element(String route, String keyTextOrClass)&#xD;
[xUnit.net 00:01:31.36]         C:\HackDay2\hack_leftovers\PlaywrightTests\AllPagesE2ETest.cs(104,0): at PlaywrightTests.AllPagesE2ETest.Page_Should_Load_And_Display_Key_Element(String route, String keyTextOrClass)&#xD;
[xUnit.net 00:01:31.36]         --- End of stack trace from previous location ---&#xD;
[xUnit.net 00:02:20.07]   Finished:    PlaywrightTests&#xD;
</StdOut>
    </Output>
    <RunInfos>
      <RunInfo computerName="WLH48Z0UEKZDBZV" outcome="Error" timestamp="2025-07-24T12:24:27.2698921-05:00">
        <Text>[xUnit.net 00:00:30.43]     PlaywrightTests.AllPagesE2ETest.Page_Should_Load_And_Display_Key_Element(route: "/referral-form", keyTextOrClass: "Patient Intake - Referral Form") [FAIL]</Text>
      </RunInfo>
      <RunInfo computerName="WLH48Z0UEKZDBZV" outcome="Error" timestamp="2025-07-24T12:24:49.6073918-05:00">
        <Text>[xUnit.net 00:00:52.77]     PlaywrightTests.AboutPageE2ETest.AboutPage_Close_Button_Should_Navigate_To_Home [FAIL]</Text>
      </RunInfo>
      <RunInfo computerName="WLH48Z0UEKZDBZV" outcome="Error" timestamp="2025-07-24T12:25:00.2966448-05:00">
        <Text>[xUnit.net 00:01:03.46]     PlaywrightTests.AllPagesE2ETest.Page_Should_Load_And_Display_Key_Element(route: "/client-referral", keyTextOrClass: "Client Referral Form") [FAIL]</Text>
      </RunInfo>
      <RunInfo computerName="WLH48Z0UEKZDBZV" outcome="Error" timestamp="2025-07-24T12:25:14.0968657-05:00">
        <Text>[xUnit.net 00:01:17.26]     PlaywrightTests.AllPagesE2ETest.Page_Should_Load_And_Display_Key_Element(route: "/mainform-full", keyTextOrClass: "HCHB BackOffice - Main Dashboard") [FAIL]</Text>
      </RunInfo>
      <RunInfo computerName="WLH48Z0UEKZDBZV" outcome="Error" timestamp="2025-07-24T12:25:28.1925235-05:00">
        <Text>[xUnit.net 00:01:31.36]     PlaywrightTests.AllPagesE2ETest.Page_Should_Load_And_Display_Key_Element(route: "/workers/add-edit", keyTextOrClass: "Add New Worker") [FAIL]</Text>
      </RunInfo>
    </RunInfos>
  </ResultSummary>
</TestRun>